Temp/gradleOut/build/outputs/logs/manifest-merger-release-report.txt
-- Merging decision tree log ---
manifest
ADDED from src\main\AndroidManifest.xml:2:1-25:12
INJECTED from src\main\AndroidManifest.xml:2:1-25:12
INJECTED from src\main\AndroidManifest.xml:2:1-25:12
INJECTED from src\main\AndroidManifest.xml:2:1-25:12
MERGED from [:UnityThinkGear:] AndroidManifest.xml:2:1-33:12
MERGED from [:unity-android-resources] AndroidManifest.xml:2:1-9:12
INJECTED from src\main\AndroidManifest.xml:2:1-25:12
INJECTED from src\main\AndroidManifest.xml:2:1-25:12
INJECTED from src\main\AndroidManifest.xml:2:1-25:12
	package
		ADDED from src\main\AndroidManifest.xml:2:117-149
		INJECTED from src\main\AndroidManifest.xml
		INJECTED from src\main\AndroidManifest.xml
	android:versionName
		INJECTED from src\main\AndroidManifest.xml
		ADDED from src\main\AndroidManifest.xml:2:1-25:12
		INJECTED from src\main\AndroidManifest.xml
	xmlns:tools
		ADDED from src\main\AndroidManifest.xml:2:70-116
	android:versionCode
		INJECTED from src\main\AndroidManifest.xml
		ADDED from src\main\AndroidManifest.xml:2:1-25:12
		INJECTED from src\main\AndroidManifest.xml
	xmlns:android
		ADDED from src\main\AndroidManifest.xml:2:11-69
	android:installLocation
		ADDED from src\main\AndroidManifest.xml:2:150-190
uses-permission#android.permission.BLUETOOTH
ADDED from src\main\AndroidManifest.xml:3:3-66
MERGED from [:UnityThinkGear:] AndroidManifest.xml:11:5-68
MERGED from [:UnityThinkGear:] AndroidManifest.xml:11:5-68
	android:name
		ADDED from src\main\AndroidManifest.xml:3:20-63
uses-permission#android.permission.WAKE_LOCK
ADDED from src\main\AndroidManifest.xml:4:3-66
MERGED from [:UnityThinkGear:] AndroidManifest.xml:12:5-68
MERGED from [:UnityThinkGear:] AndroidManifest.xml:12:5-68
	android:name
		ADDED from src\main\AndroidManifest.xml:4:20-63
uses-permission#android.permission.WRITE_EXTERNAL_STORAGE
ADDED from src\main\AndroidManifest.xml:5:3-79
MERGED from [:UnityThinkGear:] AndroidManifest.xml:13:5-81
MERGED from [:UnityThinkGear:] AndroidManifest.xml:13:5-81
	android:name
		ADDED from src\main\AndroidManifest.xml:5:20-76
application
ADDED from src\main\AndroidManifest.xml:6:3-18:17
MERGED from [:UnityThinkGear:] AndroidManifest.xml:15:5-31:19
MERGED from [:UnityThinkGear:] AndroidManifest.xml:15:5-31:19
	android:supportsRtl
		ADDED from src\main\AndroidManifest.xml:6:76-102
	android:label
		ADDED from src\main\AndroidManifest.xml:6:43-75
	android:icon
		ADDED from src\main\AndroidManifest.xml:6:154-185
		REJECTED from [:UnityThinkGear:] AndroidManifest.xml:17:9-43
	android:allowBackup
		ADDED from src\main\AndroidManifest.xml:6:16-42
	tools:replace
		ADDED from src\main\AndroidManifest.xml:6:103-131
	android:isGame
		ADDED from src\main\AndroidManifest.xml:6:132-153
activity#com.neurosky.mindgame.UnityThinkGear
ADDED from src\main\AndroidManifest.xml:7:5-14:16
MERGED from [:UnityThinkGear:] AndroidManifest.xml:20:9-30:20
MERGED from [:UnityThinkGear:] AndroidManifest.xml:20:9-30:20
	android:screenOrientation
		ADDED from src\main\AndroidManifest.xml:7:67-104
	android:launchMode
		ADDED from src\main\AndroidManifest.xml:7:105-136
	android:hardwareAccelerated
		ADDED from src\main\AndroidManifest.xml:7:319-354
	android:configChanges
		ADDED from src\main\AndroidManifest.xml:7:137-318
	android:name
		ADDED from src\main\AndroidManifest.xml:7:15-66
intent-filter#android.intent.action.MAIN+android.intent.category.LAUNCHER+android.intent.category.LEANBACK_LAUNCHER
ADDED from src\main\AndroidManifest.xml:8:7-12:23
action#android.intent.action.MAIN
ADDED from src\main\AndroidManifest.xml:9:9-61
	android:name
		ADDED from src\main\AndroidManifest.xml:9:17-58
category#android.intent.category.LAUNCHER
ADDED from src\main\AndroidManifest.xml:10:9-69
	android:name
		ADDED from src\main\AndroidManifest.xml:10:19-66
category#android.intent.category.LEANBACK_LAUNCHER
ADDED from src\main\AndroidManifest.xml:11:9-78
	android:name
		ADDED from src\main\AndroidManifest.xml:11:19-75
meta-data#unityplayer.UnityActivity
ADDED from src\main\AndroidManifest.xml:13:7-82
MERGED from [:UnityThinkGear:] AndroidManifest.xml:27:13-29:40
MERGED from [:UnityThinkGear:] AndroidManifest.xml:27:13-29:40
	android:value
		ADDED from src\main\AndroidManifest.xml:13:59-79
	android:name
		ADDED from src\main\AndroidManifest.xml:13:18-58
meta-data#unity.build-id
ADDED from src\main\AndroidManifest.xml:15:5-101
	android:value
		ADDED from src\main\AndroidManifest.xml:15:46-98
	android:name
		ADDED from src\main\AndroidManifest.xml:15:16-45
meta-data#unity.splash-mode
ADDED from src\main\AndroidManifest.xml:16:5-69
	android:value
		ADDED from src\main\AndroidManifest.xml:16:49-66
	android:name
		ADDED from src\main\AndroidManifest.xml:16:16-48
meta-data#unity.splash-enable
ADDED from src\main\AndroidManifest.xml:17:5-74
	android:value
		ADDED from src\main\AndroidManifest.xml:17:51-71
	android:name
		ADDED from src\main\AndroidManifest.xml:17:16-50
uses-feature#0x00020000
ADDED from src\main\AndroidManifest.xml:19:3-52
	android:glEsVersion
		ADDED from src\main\AndroidManifest.xml:19:17-49
uses-permission#android.permission.INTERNET
ADDED from src\main\AndroidManifest.xml:20:3-65
	android:name
		ADDED from src\main\AndroidManifest.xml:20:20-62
uses-feature#android.hardware.sensor.accelerometer
ADDED from src\main\AndroidManifest.xml:21:3-97
	android:required
		ADDED from src\main\AndroidManifest.xml:21:70-94
	android:name
		ADDED from src\main\AndroidManifest.xml:21:17-69
uses-feature#android.hardware.touchscreen
ADDED from src\main\AndroidManifest.xml:22:3-88
	android:required
		ADDED from src\main\AndroidManifest.xml:22:61-85
	android:name
		ADDED from src\main\AndroidManifest.xml:22:17-60
uses-feature#android.hardware.touchscreen.multitouch
ADDED from src\main\AndroidManifest.xml:23:3-99
	android:required
		ADDED from src\main\AndroidManifest.xml:23:72-96
	android:name
		ADDED from src\main\AndroidManifest.xml:23:17-71
uses-feature#android.hardware.touchscreen.multitouch.distinct
ADDED from src\main\AndroidManifest.xml:24:3-108
	android:required
		ADDED from src\main\AndroidManifest.xml:24:81-105
	android:name
		ADDED from src\main\AndroidManifest.xml:24:17-80
uses-sdk
INJECTED from src\main\AndroidManifest.xml reason: use-sdk injection requested
INJECTED from src\main\AndroidManifest.xml
INJECTED from src\main\AndroidManifest.xml
MERGED from [:UnityThinkGear:] AndroidManifest.xml:7:5-9:41
MERGED from [:UnityThinkGear:] AndroidManifest.xml:7:5-9:41
MERGED from [:unity-android-resources] AndroidManifest.xml:7:5-47
MERGED from [:unity-android-resources] AndroidManifest.xml:7:5-47
INJECTED from src\main\AndroidManifest.xml
INJECTED from src\main\AndroidManifest.xml
	android:targetSdkVersion
		INJECTED from src\main\AndroidManifest.xml
		ADDED from src\main\AndroidManifest.xml
		INJECTED from src\main\AndroidManifest.xml
	android:minSdkVersion
		INJECTED from src\main\AndroidManifest.xml
		ADDED from src\main\AndroidManifest.xml
		MERGED from src\main\AndroidManifest.xml
		INJECTED from src\main\AndroidManifest.xml
intent-filter#android.intent.action.MAIN+android.intent.category.LAUNCHER
ADDED from [:UnityThinkGear:] AndroidManifest.xml:21:13-25:29
uses-permission#android.permission.READ_EXTERNAL_STORAGE
IMPLIED from src\main\AndroidManifest.xml:2:1-25:12 reason: com.yourcompany.yourappname requested WRITE_EXTERNAL_STORAGE